<?xml version="1.0" encoding="UTF-8"?>
<testng-results skipped="0" failed="0" ignored="0" total="1" passed="1">
  <reporter-output>
  </reporter-output>
  <suite name="Default suite" duration-ms="11750" started-at="2022-10-14T15:52:05 IST" finished-at="2022-10-14T15:52:17 IST">
    <groups>
    </groups>
    <test name="Default test" duration-ms="11750" started-at="2022-10-14T15:52:05 IST" finished-at="2022-10-14T15:52:17 IST">
      <class name="pavansir.Practice1">
        <test-method status="PASS" signature="t1()[pri:0, instance:pavansir.Practice1@6a1aab78]" name="t1" duration-ms="11699" started-at="2022-10-14T15:52:05 IST" finished-at="2022-10-14T15:52:17 IST">
          <reporter-output>
          </reporter-output>
        </test-method> <!-- t1 -->
      </class> <!-- pavansir.Practice1 -->
    </test> <!-- Default test -->
  </suite> <!-- Default suite -->
</testng-results>
